2025-02-17 19:56:33,716 - step1_extraction_cow.py - INFO - Starting Cows Data Consumer
2025-02-17 19:56:33,747 - base_consumer.py - INFO - MySQL connection successful
2025-02-17 19:56:33,853 - base_consumer.py - INFO - Kafka consumer created successfully for topic: cows
2025-02-17 19:56:37,649 - base_consumer.py - INFO - Received message: {"id": "c821a6b7-8dd0-4b4e-9835-1c0c57264ba4", "name": "Lindsey #4", "birthdate": "2020-01-09"}
2025-02-17 19:56:37,680 - base_consumer.py - INFO - Received message: {"id": "71122813-53a2-4a95-bc73-4a5725ab2d41", "name": "Linda #3", "birthdate": "2019-09-09"}
2025-02-17 19:56:37,684 - base_consumer.py - INFO - Received message: {"id": "aea1439d-68a9-4e0b-a757-76dbe7fe6561", "name": "Sandra #3", "birthdate": "2019-06-17"}
2025-02-17 19:56:37,688 - base_consumer.py - INFO - Received message: {"id": "668d213f-6b1d-4aac-bdc6-cee5acf3476e", "name": "Kathryn #1", "birthdate": "2020-04-17"}
2025-02-17 19:56:37,693 - base_consumer.py - INFO - Received message: {"id": "47a81ce1-859a-4db9-b8ad-a27cb9dc462f", "name": "Anna #1", "birthdate": "2020-01-20"}
2025-02-17 19:56:37,697 - base_consumer.py - INFO - Received message: {"id": "85a129d2-0380-450e-a868-b8309bd7550f", "name": "Carla #3", "birthdate": "2021-09-22"}
2025-02-17 19:56:37,703 - base_consumer.py - INFO - Received message: {"id": "f7e0cdbc-b23e-483a-8d78-b266a932a3c1", "name": "Heather #5", "birthdate": "2020-07-18"}
2025-02-17 19:56:37,707 - base_consumer.py - INFO - Received message: {"id": "7203c734-bdb2-421e-a97a-d62c9ada2d10", "name": "Mary #1", "birthdate": "2019-03-08"}
2025-02-17 19:56:37,713 - base_consumer.py - INFO - Received message: {"id": "ef082efc-d476-4ca4-89a8-94d4cf09392a", "name": "Kelly #4", "birthdate": "2020-04-06"}
2025-02-17 19:56:37,717 - base_consumer.py - INFO - Received message: {"id": "ade0509d-9078-4159-a207-b866725d2218", "name": "Destiny #1", "birthdate": "2018-07-31"}
2025-02-17 19:56:37,721 - base_consumer.py - INFO - Received message: {"id": "3b2547ed-de1a-4992-8494-bebabfaef6b4", "name": "Jessica #9", "birthdate": "2021-08-26"}
2025-02-17 19:56:37,729 - base_consumer.py - INFO - Received message: {"id": "071f30bb-3b8a-445b-8c5f-dff6c77c1af8", "name": "Ashley #1", "birthdate": "2020-05-27"}
2025-02-17 19:56:37,735 - base_consumer.py - INFO - Received message: {"id": "f5c0dc0e-aa4e-45af-9b17-8aa3366a7bc6", "name": "Diane #8", "birthdate": "2021-03-27"}
2025-02-17 19:56:37,740 - base_consumer.py - INFO - Received message: {"id": "edb28bf0-bf09-4469-b9b3-7d2a1dd45ff1", "name": "Veronica #4", "birthdate": "2018-07-25"}
2025-02-17 19:56:37,744 - base_consumer.py - INFO - Received message: {"id": "38c98773-d708-47ae-af66-f722fabbc9d2", "name": "Ashlee #9", "birthdate": "2020-11-12"}
2025-02-17 19:56:37,749 - base_consumer.py - INFO - Received message: {"id": "b595d0d1-612b-4aef-a64a-1ee0471a5028", "name": "Adriana #7", "birthdate": "2020-12-04"}
2025-02-17 19:56:37,753 - base_consumer.py - INFO - Received message: {"id": "478be788-f84c-48da-8b62-c652cf2d118f", "name": "Jennifer #4", "birthdate": "2022-03-27"}
2025-02-17 19:56:37,756 - base_consumer.py - INFO - Received message: {"id": "e3fdb0b6-d8ed-46c2-b0e2-0855373ddb49", "name": "Sara #7", "birthdate": "2020-08-15"}
2025-02-17 19:56:37,760 - base_consumer.py - INFO - Received message: {"id": "18fc0a5c-890f-4dd6-bde3-3e9a6ebf953e", "name": "Shannon #8", "birthdate": "2022-04-03"}
2025-02-17 19:56:37,765 - base_consumer.py - INFO - Received message: {"id": "0c36be13-c29f-4ee0-b386-e936c6ba5339", "name": "Angela #8", "birthdate": "2021-05-18"}
2025-02-17 19:56:37,769 - base_consumer.py - INFO - Received message: {"id": "9c6cd124-db49-45cf-8973-b47419c74518", "name": "Ruth #4", "birthdate": "2021-07-29"}
2025-02-17 19:56:37,773 - base_consumer.py - INFO - Received message: {"id": "e69e914f-2797-4ed1-a32f-606cb03fc6f2", "name": "Cathy #3", "birthdate": "2021-07-27"}
2025-02-17 19:56:37,778 - base_consumer.py - INFO - Received message: {"id": "0ad881c5-606c-46f4-a504-a3bbb4e23870", "name": "Lindsey #9", "birthdate": "2021-08-07"}
2025-02-17 19:56:37,783 - base_consumer.py - INFO - Received message: {"id": "aa45b1f9-7982-4e84-b952-668d652e83f5", "name": "Nicole #4", "birthdate": "2019-01-20"}
2025-02-17 19:56:37,787 - base_consumer.py - INFO - Received message: {"id": "701861d0-d1eb-48f1-af03-8f2ffe7a6b17", "name": "Michelle #2", "birthdate": "2022-04-25"}
2025-02-17 19:56:37,792 - base_consumer.py - INFO - Received message: {"id": "0ebfdca5-b52e-4ee2-b896-bce145daebc7", "name": "Elizabeth #2", "birthdate": "2019-07-05"}
2025-02-17 19:56:37,797 - base_consumer.py - INFO - Received message: {"id": "95e7312d-9447-4c40-a382-ef30d850e997", "name": "Pamela #4", "birthdate": "2018-12-11"}
2025-02-17 19:56:37,800 - base_consumer.py - INFO - Received message: {"id": "27c13817-4faf-49dd-8984-643a062e3d75", "name": "Gail #2", "birthdate": "2018-09-02"}
2025-02-17 19:56:37,806 - base_consumer.py - INFO - Received message: {"id": "b38009eb-dc16-492d-9584-076fe51fd2ad", "name": "Mary #8", "birthdate": "2019-10-14"}
2025-02-17 19:56:37,809 - base_consumer.py - INFO - Received message: {"id": "2638ae21-5fc8-48fa-ad34-e66baf66cba3", "name": "Anne #1", "birthdate": "2020-01-04"}
2025-02-17 19:56:37,813 - base_consumer.py - INFO - Received message: {"id": "008d8c76-b26e-4780-b65a-cec19c9984b6", "name": "Robin #3", "birthdate": "2021-08-30"}
2025-02-17 19:56:37,817 - base_consumer.py - INFO - Received message: {"id": "f20b9926-d224-48cf-9047-f6c7cc0cae6e", "name": "Jamie #9", "birthdate": "2018-12-05"}
2025-02-17 19:56:37,822 - base_consumer.py - INFO - Received message: {"id": "219f0c25-d395-418d-b361-229c47588770", "name": "Natasha #7", "birthdate": "2020-11-13"}
2025-02-17 19:56:37,826 - base_consumer.py - INFO - Received message: {"id": "fa91ebe6-476f-469f-9d62-2f893fe210f6", "name": "Ashley #2", "birthdate": "2018-12-31"}
2025-02-17 19:56:37,830 - base_consumer.py - INFO - Received message: {"id": "51803b38-c52d-4366-aced-fb05039408d0", "name": "Rebecca #5", "birthdate": "2019-07-18"}
2025-02-17 19:56:37,837 - base_consumer.py - INFO - Received message: {"id": "3f35a21f-5ce8-4b9b-a6ea-67666aa6a183", "name": "Angela #5", "birthdate": "2021-02-06"}
2025-02-17 19:56:37,842 - base_consumer.py - INFO - Received message: {"id": "1b3641d0-954b-4a88-98de-29d22e7222e7", "name": "Mary #8", "birthdate": "2020-03-30"}
2025-02-17 19:56:37,846 - base_consumer.py - INFO - Received message: {"id": "fdb09b0b-9adf-41d2-9c83-b2e4ccd64c31", "name": "Melanie #8", "birthdate": "2022-02-04"}
2025-02-17 19:56:37,851 - base_consumer.py - INFO - Received message: {"id": "38b0394f-6654-4693-978d-20f361c8cb85", "name": "Lisa #8", "birthdate": "2021-03-19"}
2025-02-17 19:56:37,856 - base_consumer.py - INFO - Received message: {"id": "225153da-f330-42b7-8e6c-ad3d57582d4f", "name": "Jennifer #5", "birthdate": "2019-05-17"}
2025-02-17 19:56:37,859 - base_consumer.py - INFO - Received message: {"id": "d1cf533d-d30d-457e-bea5-dd7d11db5139", "name": "Margaret #5", "birthdate": "2020-02-06"}
2025-02-17 19:56:37,863 - base_consumer.py - INFO - Received message: {"id": "9b0bb133-05a4-4b72-9245-7333b1edb4f6", "name": "Jennifer #7", "birthdate": "2021-05-18"}
2025-02-17 19:56:37,868 - base_consumer.py - INFO - Received message: {"id": "1738d527-c14e-4832-b40f-e8946f065d2c", "name": "Barbara #5", "birthdate": "2021-11-11"}
2025-02-17 19:56:37,871 - base_consumer.py - INFO - Received message: {"id": "9351349b-0f0f-47b6-a67d-3b0fe843b019", "name": "Melody #5", "birthdate": "2019-07-16"}
2025-02-17 19:56:37,876 - base_consumer.py - INFO - Received message: {"id": "dd57c558-d620-4d28-83a7-6370f4a61322", "name": "Crystal #2", "birthdate": "2020-04-07"}
2025-02-17 19:56:37,881 - base_consumer.py - INFO - Received message: {"id": "8471d580-6405-438e-9eda-9eb61f4120b3", "name": "Elizabeth #8", "birthdate": "2021-04-30"}
2025-02-17 19:56:37,887 - base_consumer.py - INFO - Received message: {"id": "6496ce06-18c2-4dd3-bcc3-4c8195a8c1f7", "name": "Karla #7", "birthdate": "2020-03-06"}
2025-02-17 19:56:37,892 - base_consumer.py - INFO - Received message: {"id": "fa5625d5-d657-40a7-9de9-a52af87aef1f", "name": "Stacy #9", "birthdate": "2022-05-01"}
2025-02-17 19:56:37,896 - base_consumer.py - INFO - Received message: {"id": "0461bf6a-4625-4c64-acb1-1221caeed82b", "name": "Kara #9", "birthdate": "2022-01-11"}
2025-02-17 19:56:37,900 - base_consumer.py - INFO - Received message: {"id": "4ab95eda-5937-49be-8425-b11d06f6beb2", "name": "Cheryl #5", "birthdate": "2021-10-05"}
2025-02-17 19:56:37,905 - base_consumer.py - INFO - Received message: {"id": "fd3f2886-cc3d-4ecc-baae-587032183091", "name": "Connie #1", "birthdate": "2020-07-28"}
2025-02-17 19:56:37,911 - base_consumer.py - INFO - Received message: {"id": "f3208e67-07dc-4cfb-9ca1-b0d3750ea753", "name": "Jennifer #7", "birthdate": "2019-09-27"}
2025-02-17 19:56:37,917 - base_consumer.py - INFO - Received message: {"id": "3321b86f-3afb-4971-a773-3ae7c62bafec", "name": "Kayla #2", "birthdate": "2018-07-12"}
2025-02-17 19:56:37,922 - base_consumer.py - INFO - Received message: {"id": "9aa0f9ba-c4a7-4f00-9c87-2730c26e09c1", "name": "Jaime #5", "birthdate": "2018-08-19"}
2025-02-17 19:56:37,927 - base_consumer.py - INFO - Received message: {"id": "a27b8cd2-708e-4532-81ef-05a5b2ab249c", "name": "Amber #9", "birthdate": "2021-06-04"}
2025-02-17 19:56:37,934 - base_consumer.py - INFO - Received message: {"id": "4bde2a83-195e-44ec-b5f1-92d011b7b671", "name": "Lori #7", "birthdate": "2019-01-20"}
2025-02-17 19:56:37,940 - base_consumer.py - INFO - Received message: {"id": "924c7e6b-08f2-4871-954e-ae1f714cbcd4", "name": "Krista #1", "birthdate": "2021-10-03"}
2025-02-17 19:56:37,946 - base_consumer.py - INFO - Received message: {"id": "706a23c4-e240-4b8b-a894-2b4b631184b9", "name": "Yvonne #2", "birthdate": "2021-04-26"}
2025-02-17 19:56:37,953 - base_consumer.py - INFO - Received message: {"id": "c158759b-dcfe-417d-ae3d-c8e38f567325", "name": "Becky #1", "birthdate": "2018-08-28"}
2025-02-17 19:56:37,958 - base_consumer.py - INFO - Received message: {"id": "be4ca0d5-80a0-434d-beee-e05702091b0e", "name": "Alyssa #5", "birthdate": "2019-03-24"}
2025-02-17 19:56:37,962 - base_consumer.py - INFO - Received message: {"id": "8d2d3166-a295-40ea-9c48-6dc26e180159", "name": "Ashley #3", "birthdate": "2018-12-22"}
2025-02-17 19:56:37,969 - base_consumer.py - INFO - Received message: {"id": "90814108-2b03-4744-811b-9596c0bb4853", "name": "Jean #4", "birthdate": "2022-04-03"}
2025-02-17 19:56:37,973 - base_consumer.py - INFO - Received message: {"id": "04f886f9-56df-452e-afba-ce3eb8a010c4", "name": "Patricia #5", "birthdate": "2021-04-18"}
2025-02-17 19:56:37,977 - base_consumer.py - INFO - Received message: {"id": "98d79b64-7a81-4e48-a311-932694c8058a", "name": "Kirsten #1", "birthdate": "2020-03-24"}
2025-02-17 19:56:37,982 - base_consumer.py - INFO - Received message: {"id": "80aba664-c7e2-4ffe-bbb5-12325596f641", "name": "Brooke #2", "birthdate": "2021-05-29"}
2025-02-17 19:56:37,985 - base_consumer.py - INFO - Received message: {"id": "cdbab92f-fd6c-4714-b2c1-7c8df2830930", "name": "Amanda #5", "birthdate": "2020-10-21"}
2025-02-17 19:56:37,989 - base_consumer.py - INFO - Received message: {"id": "84e48780-6f4b-45cd-9756-fa0776a8013d", "name": "Katherine #3", "birthdate": "2021-06-22"}
2025-02-17 19:56:37,993 - base_consumer.py - INFO - Received message: {"id": "15f06691-ab7b-4cac-89a9-dc7c6554c9c1", "name": "Sarah #1", "birthdate": "2021-07-02"}
2025-02-17 19:56:37,996 - base_consumer.py - INFO - Received message: {"id": "1b859b14-a75f-478b-bd9f-2d920b67dd0c", "name": "Kristin #6", "birthdate": "2020-01-28"}
2025-02-17 19:56:38,000 - base_consumer.py - INFO - Received message: {"id": "9099f5b7-22f8-45b7-80e7-00c95eaae485", "name": "Martha #7", "birthdate": "2019-11-19"}
2025-02-17 19:56:38,005 - base_consumer.py - INFO - Received message: {"id": "1a0e14cf-587a-440f-8c5e-39fe86f48ec7", "name": "Cheyenne #6", "birthdate": "2022-05-01"}
2025-02-17 19:56:38,009 - base_consumer.py - INFO - Received message: {"id": "fdca214f-4dc6-4de4-b9dd-99094b619892", "name": "Katherine #6", "birthdate": "2020-10-18"}
2025-02-17 19:56:38,012 - base_consumer.py - INFO - Received message: {"id": "76d85b9b-b63d-450e-af2f-18bb742b5964", "name": "Theresa #6", "birthdate": "2020-10-05"}
2025-02-17 19:56:38,017 - base_consumer.py - INFO - Received message: {"id": "03b8549a-60f8-4669-a97c-dff0c27490b1", "name": "Lynn #9", "birthdate": "2020-11-24"}
2025-02-17 19:56:38,021 - base_consumer.py - INFO - Received message: {"id": "e5d23a6a-3913-4aff-8f90-9aec74ba7553", "name": "Desiree #5", "birthdate": "2021-06-18"}
2025-02-17 19:56:38,025 - base_consumer.py - INFO - Received message: {"id": "2be429fe-6e2b-4e72-a93e-2d96d445a5e2", "name": "Christina #3", "birthdate": "2020-06-13"}
2025-02-17 19:56:38,029 - base_consumer.py - INFO - Received message: {"id": "6c20e977-42b1-46d8-9e38-b9b0571b82a5", "name": "Brandi #8", "birthdate": "2020-04-23"}
2025-02-17 19:56:38,035 - base_consumer.py - INFO - Received message: {"id": "b67bde0b-872d-4944-82d8-5e48806c2586", "name": "Tara #3", "birthdate": "2019-04-14"}
2025-02-17 19:56:38,039 - base_consumer.py - INFO - Received message: {"id": "474ccf64-c5bb-45a7-a5e5-11ccabaef643", "name": "Cassandra #4", "birthdate": "2019-11-29"}
2025-02-17 19:56:38,043 - base_consumer.py - INFO - Received message: {"id": "33eb52d5-db1e-4a68-a911-f78574f12254", "name": "Joanne #6", "birthdate": "2022-03-25"}
2025-02-17 19:56:38,049 - base_consumer.py - INFO - Received message: {"id": "9d029bf7-8984-4077-b2fd-e43a4e7cbd09", "name": "Donna #4", "birthdate": "2019-11-30"}
2025-02-17 19:56:38,053 - base_consumer.py - INFO - Received message: {"id": "9063220a-7a93-404a-873b-fd3d61ed205c", "name": "Wanda #6", "birthdate": "2021-11-10"}
2025-02-17 19:56:38,057 - base_consumer.py - INFO - Received message: {"id": "69ceb9e9-630d-4e23-b5f5-81c024e84168", "name": "Deborah #8", "birthdate": "2022-06-25"}
2025-02-17 19:56:38,063 - base_consumer.py - INFO - Received message: {"id": "4e48314b-bbea-4cf5-9bfd-3d7a3e6ba564", "name": "Kelly #2", "birthdate": "2021-06-25"}
2025-02-17 19:56:38,069 - base_consumer.py - INFO - Received message: {"id": "7b85bc65-556e-4dbc-82b5-80b148c4044d", "name": "Tammie #5", "birthdate": "2021-05-25"}
2025-02-17 19:56:38,075 - base_consumer.py - INFO - Received message: {"id": "844fc847-a0aa-4473-a42d-d4c13cd1eba9", "name": "Nicole #4", "birthdate": "2021-09-17"}
2025-02-17 19:56:38,082 - base_consumer.py - INFO - Received message: {"id": "70ba6fcc-6fb2-4af9-a69c-7b6d546e2256", "name": "Christine #8", "birthdate": "2020-03-29"}
2025-02-17 19:56:38,088 - base_consumer.py - INFO - Received message: {"id": "fed3a6af-8729-4ac6-920a-f5487cb00dd9", "name": "Debra #2", "birthdate": "2019-05-28"}
2025-02-17 19:56:38,099 - base_consumer.py - INFO - Received message: {"id": "b154d214-6d5d-44af-94f2-fb8c41de35cb", "name": "Sheila #6", "birthdate": "2018-08-20"}
2025-02-17 19:56:38,102 - base_consumer.py - INFO - Received message: {"id": "6dd92947-643d-4121-8af3-65bb659f5200", "name": "Jennifer #1", "birthdate": "2018-11-06"}
2025-02-17 19:56:38,105 - base_consumer.py - INFO - Received message: {"id": "562c2685-8485-4c95-a1d5-c51a0e593dc0", "name": "Valerie #1", "birthdate": "2019-11-29"}
2025-02-17 19:56:38,109 - base_consumer.py - INFO - Received message: {"id": "47e64bdf-1ae8-4e44-98b5-3250dd2c787c", "name": "Tina #1", "birthdate": "2018-09-28"}
2025-02-17 19:56:38,113 - base_consumer.py - INFO - Received message: {"id": "48c17eb9-ae9d-4965-a916-c4bfe1c3a3ef", "name": "Nichole #2", "birthdate": "2018-11-30"}
2025-02-17 19:56:38,118 - base_consumer.py - INFO - Received message: {"id": "7255f6ed-8b6e-4fa5-b6bf-676663ba7e48", "name": "Claudia #5", "birthdate": "2018-08-17"}
2025-02-17 19:56:38,122 - base_consumer.py - INFO - Received message: {"id": "68923fdd-d829-4985-8851-546613c6e078", "name": "Natalie #2", "birthdate": "2018-08-02"}
2025-02-17 19:56:38,125 - base_consumer.py - INFO - Received message: {"id": "1eea703e-9d56-4983-986f-69e4b61c9ed5", "name": "Maria #3", "birthdate": "2021-11-13"}
2025-02-17 19:56:38,130 - base_consumer.py - INFO - Received message: {"id": "168590c2-d95f-4e72-8749-cb08a1147065", "name": "Kimberly #2", "birthdate": "2021-03-21"}
2025-02-17 19:56:38,134 - base_consumer.py - INFO - Received message: {"id": "84be669d-571c-444d-bd5f-709fce6ac9ba", "name": "Karen #1", "birthdate": "2019-09-26"}
2025-02-17 19:56:38,138 - base_consumer.py - INFO - Received message: {"id": "d3b1eb0c-3260-4f46-a6e2-960be64c89bd", "name": "Andrea #6", "birthdate": "2022-05-04"}
2025-02-17 19:56:38,142 - base_consumer.py - INFO - Received message: {"id": "2d4194fa-9319-41d7-aee2-d88a0f584722", "name": "Jennifer #9", "birthdate": "2020-01-13"}
2025-02-17 19:56:38,146 - base_consumer.py - INFO - Received message: {"id": "9e3d2393-2f17-43b7-b7c1-a2ffa7ea6c2f", "name": "Teresa #2", "birthdate": "2019-06-30"}
2025-02-17 19:56:38,149 - base_consumer.py - INFO - Received message: {"id": "0abaa73d-0755-478a-9a56-b97a5cbdd64f", "name": "Ashlee #2", "birthdate": "2020-08-08"}
2025-02-17 19:56:38,154 - base_consumer.py - INFO - Received message: {"id": "3593205a-bead-40d6-aad9-7ed1f2da4745", "name": "Jacqueline #4", "birthdate": "2021-08-06"}
2025-02-17 19:56:38,158 - base_consumer.py - INFO - Received message: {"id": "85334bbd-9b60-406e-b047-3520a2d4fbe5", "name": "Karen #3", "birthdate": "2018-09-09"}
2025-02-17 19:56:38,162 - base_consumer.py - INFO - Received message: {"id": "991670bb-d888-4a95-94b8-41b290122833", "name": "Deborah #1", "birthdate": "2022-01-13"}
2025-02-17 19:56:38,166 - base_consumer.py - INFO - Received message: {"id": "c36323f9-5ca6-4325-a8d5-6cac0ddb4d63", "name": "Paige #5", "birthdate": "2018-10-28"}
2025-02-17 19:56:38,170 - base_consumer.py - INFO - Received message: {"id": "33b66bab-78b3-45e0-a86b-32e775d4dc2b", "name": "Alexandria #4", "birthdate": "2021-01-10"}
2025-02-17 19:56:38,174 - base_consumer.py - INFO - Received message: {"id": "17d70345-5a06-4f01-aff5-3f7f95d7bc57", "name": "Katherine #7", "birthdate": "2022-05-09"}
2025-02-17 19:56:38,179 - base_consumer.py - INFO - Received message: {"id": "5693cf1f-865a-41a9-9f7d-789d27e32910", "name": "Alexandra #8", "birthdate": "2019-11-23"}
2025-02-17 19:56:38,184 - base_consumer.py - INFO - Received message: {"id": "8f74a252-78ce-49d4-9432-ce556e226d29", "name": "Cynthia #3", "birthdate": "2021-08-19"}
2025-02-17 19:56:38,188 - base_consumer.py - INFO - Received message: {"id": "586c87f6-4a4e-4996-b560-fc5490a4ad4d", "name": "Debra #6", "birthdate": "2021-06-23"}
2025-02-17 19:56:38,191 - base_consumer.py - INFO - Received message: {"id": "066d0252-6201-4bb1-adea-a50a03e419e3", "name": "Leah #3", "birthdate": "2020-10-25"}
2025-02-17 19:56:38,196 - base_consumer.py - INFO - Received message: {"id": "8051343c-56d2-46c5-a24c-2e6d0858f2aa", "name": "Dawn #1", "birthdate": "2021-11-27"}
2025-02-17 19:56:38,199 - base_consumer.py - INFO - Received message: {"id": "4b54f862-7dd7-4569-950c-e071fd13c575", "name": "Anne #4", "birthdate": "2021-03-02"}
2025-02-17 19:56:38,204 - base_consumer.py - INFO - Received message: {"id": "98ca68bf-816c-4b90-b7e2-678e9069fdf8", "name": "Debra #1", "birthdate": "2022-03-14"}
2025-02-17 19:56:38,208 - base_consumer.py - INFO - Received message: {"id": "c3aa0df9-276c-4e2f-b60d-ac617d0ef84c", "name": "Rhonda #8", "birthdate": "2020-07-25"}
2025-02-17 19:56:38,212 - base_consumer.py - INFO - Received message: {"id": "50b99487-9827-440c-a12e-d1f9c1d075e3", "name": "Brandi #1", "birthdate": "2021-01-03"}
2025-02-17 19:56:38,218 - base_consumer.py - INFO - Received message: {"id": "7389aa61-3add-4f92-b38a-6b23cf389dcf", "name": "Brittany #7", "birthdate": "2020-10-24"}
2025-02-17 19:56:38,223 - base_consumer.py - INFO - Received message: {"id": "59beca2a-b84a-49b6-9ba7-60944e552cc7", "name": "Brittany #6", "birthdate": "2021-03-07"}
2025-02-17 19:56:38,229 - base_consumer.py - INFO - Received message: {"id": "c59bf2d4-433a-4de8-9927-b05cb6633cad", "name": "Marilyn #6", "birthdate": "2022-05-19"}
2025-02-17 19:56:38,234 - base_consumer.py - INFO - Received message: {"id": "32a5db76-4c96-462a-b64c-7d89c7685183", "name": "Laura #1", "birthdate": "2020-12-18"}
2025-02-17 19:56:38,238 - base_consumer.py - INFO - Received message: {"id": "14af9acf-968f-46c2-8e2e-0a6b361ba4c5", "name": "Sherri #4", "birthdate": "2019-02-25"}
2025-02-17 19:56:38,242 - base_consumer.py - INFO - Received message: {"id": "5b0155f2-8d9f-469d-be25-9ba4abfb3974", "name": "Stephanie #5", "birthdate": "2018-10-24"}
2025-02-17 19:56:38,254 - base_consumer.py - INFO - Received message: {"id": "55e8420b-3a15-4b95-bb48-587cf40d8bc5", "name": "Lauren #1", "birthdate": "2020-11-16"}
2025-02-17 19:56:38,259 - base_consumer.py - INFO - Received message: {"id": "dfce91b2-2f21-4d68-b613-3c0dc36160de", "name": "Jacqueline #2", "birthdate": "2018-07-25"}
2025-02-17 19:56:38,265 - base_consumer.py - INFO - Received message: {"id": "0f3f64e9-44e6-4ac7-871b-9d50d251b556", "name": "Sharon #2", "birthdate": "2019-01-28"}
2025-02-17 19:56:38,271 - base_consumer.py - INFO - Received message: {"id": "adadab8b-c876-4733-b1ea-bdf67db55051", "name": "Dominique #2", "birthdate": "2021-02-08"}
2025-02-17 19:56:38,278 - base_consumer.py - INFO - Received message: {"id": "7d68d8d2-6b6c-4dbf-86b5-c9e123ecba97", "name": "Alexandria #1", "birthdate": "2019-03-26"}
